<?xml version="1.0" encoding="UTF-8"?>
<!-- Generated by org.testng.reporters.JUnitXMLReporter -->
<testsuite ignored="2" hostname="Shalinis-MacBook-Pro.local" failures="0" tests="1" name="Default test" time="0.578" errors="0" timestamp="2023-12-13T18:42:19 IST">
  <testcase classname="DatabaseTesting.DatabaseTesting.StoredFunctionTest" name="test_callSF_CustomerLevelFromSP" time="0.084"/>
  <testcase classname="DatabaseTesting.DatabaseTesting.StoredFunctionTest" name="test_StoreFunctionExist_CustomerLevel" time="0.0">
    <ignored/>
  </testcase> <!-- test_StoreFunctionExist_CustomerLevel -->
  <testcase classname="DatabaseTesting.DatabaseTesting.StoredFunctionTest" name="test_callSF_CustomerLevelFromSelect" time="0.0">
    <ignored/>
  </testcase> <!-- test_callSF_CustomerLevelFromSelect -->
</testsuite> <!-- Default test -->
