<?xml version="1.0" encoding="UTF-8"?>
<!-- Generated by org.testng.reporters.JUnitXMLReporter -->
<testsuite ignored="7" hostname="Shalinis-MacBook-Pro.local" failures="0" tests="1" name="Default test" time="0.532" errors="0" timestamp="2023-12-13T13:46:05 IST">
  <testcase classname="DatabaseTesting.DatabaseTesting.DataBaseTesting" name="test_StoreProcedureExist_SelectAllCustomers" time="0.052"/>
  <testcase classname="DatabaseTesting.DatabaseTesting.DataBaseTesting" name="test_StoreProcedureExist_SelectAllCustomerByCity" time="0.0">
    <ignored/>
  </testcase> <!-- test_StoreProcedureExist_SelectAllCustomerByCity -->
  <testcase classname="DatabaseTesting.DatabaseTesting.DataBaseTesting" name="test_StoreProcedureExist_InsertSupplierProduct" time="0.0">
    <ignored/>
  </testcase> <!-- test_StoreProcedureExist_InsertSupplierProduct -->
  <testcase classname="DatabaseTesting.DatabaseTesting.DataBaseTesting" name="test_StoreProcedureExist_geCustomerShipping" time="0.0">
    <ignored/>
  </testcase> <!-- test_StoreProcedureExist_geCustomerShipping -->
  <testcase classname="DatabaseTesting.DatabaseTesting.DataBaseTesting" name="test_StoreProcedureExist_get_order_by_cust" time="0.0">
    <ignored/>
  </testcase> <!-- test_StoreProcedureExist_get_order_by_cust -->
  <testcase classname="DatabaseTesting.DatabaseTesting.DataBaseTesting" name="test_callSP_SelectAllCustomers" time="0.0">
    <ignored/>
  </testcase> <!-- test_callSP_SelectAllCustomers -->
  <testcase classname="DatabaseTesting.DatabaseTesting.DataBaseTesting" name="test_StoreProcedureExist_SelectAllCustomerByCityAndPin" time="0.0">
    <ignored/>
  </testcase> <!-- test_StoreProcedureExist_SelectAllCustomerByCityAndPin -->
  <testcase classname="DatabaseTesting.DatabaseTesting.DataBaseTesting" name="test_StoreProcedureExist_SelectAllCustomers1" time="0.0">
    <ignored/>
  </testcase> <!-- test_StoreProcedureExist_SelectAllCustomers1 -->
</testsuite> <!-- Default test -->
