<?xml version="1.0" encoding="UTF-8"?>
<testng-results ignored="0" total="1" passed="1" failed="0" skipped="0">
  <reporter-output>
  </reporter-output>
  <suite started-at="2023-12-13T13:45:59 IST" name="Default suite" finished-at="2023-12-13T13:46:00 IST" duration-ms="532">
    <groups>
    </groups>
    <test started-at="2023-12-13T13:45:59 IST" name="Default test" finished-at="2023-12-13T13:46:00 IST" duration-ms="532">
      <class name="DatabaseTesting.DatabaseTesting.DataBaseTesting">
        <test-method is-config="true" signature="setup()[pri:0, instance:DatabaseTesting.DatabaseTesting.DataBaseTesting@bae7dc0]" started-at="2023-12-13T13:45:59 IST" name="setup" finished-at="2023-12-13T13:45:59 IST" duration-ms="439" status="PASS">
          <reporter-output>
          </reporter-output>
        </test-method> <!-- setup -->
        <test-method signature="test_StoreProcedureExist_SelectAllCustomers()[pri:1, instance:DatabaseTesting.DatabaseTesting.DataBaseTesting@bae7dc0]" started-at="2023-12-13T13:45:59 IST" name="test_StoreProcedureExist_SelectAllCustomers" finished-at="2023-12-13T13:46:00 IST" duration-ms="52" status="PASS">
          <reporter-output>
          </reporter-output>
        </test-method> <!-- test_StoreProcedureExist_SelectAllCustomers -->
        <test-method is-config="true" signature="tearDown()[pri:0, instance:DatabaseTesting.DatabaseTesting.DataBaseTesting@bae7dc0]" started-at="2023-12-13T13:46:00 IST" name="tearDown" finished-at="2023-12-13T13:46:00 IST" duration-ms="3" status="PASS">
          <reporter-output>
          </reporter-output>
        </test-method> <!-- tearDown -->
      </class> <!-- DatabaseTesting.DatabaseTesting.DataBaseTesting -->
    </test> <!-- Default test -->
  </suite> <!-- Default suite -->
</testng-results>
